This is pdfTeX, Version 3.1415926-2.3-1.40.12 (MiKTeX 2.9) (preloaded format=pdftex 2019.12.3)  6 JUN 2020 15:32
entering extended mode
**E:/My*Research/2020/stata*journal/RR/tex/sj.bib
("E:/My Research/2020/stata journal/RR/tex/sj.bib"
Overfull \hbox (1.19041pt too wide) in paragraph at lines 43--53
[]\tenrm @articlelibois2013semiparametric, ti-tle=Semiparametric fixed-effects 
es-ti-ma-tor, au-thor=Libois, Francois|

\hbox(6.94444+1.94444)x469.75499, glue set - 1.0
.\hbox(0.0+0.0)x20.0
.\tenrm @
.\tenrm a
.\tenrm r
.\tenrm t
.etc.


Overfull \hbox (4.66278pt too wide) in paragraph at lines 43--53
\tenrm and Ve-r-ardi, Vin-cenzo and oth-ers, jour-nal=Stata jour-nal, vol-ume=1
3, num-ber=2, pages=329--336, year=2013,|

\hbox(6.94444+1.94444)x469.75499, glue set - 1.0
.\tenrm a
.\tenrm n
.\tenrm d
.\glue 3.33333 plus 1.66666 minus 1.11111
.\tenrm V
.etc.


Overfull \hbox (9.05057pt too wide) in paragraph at lines 55--63
\tenrm ing co-ef-fi-cient mod-els, au-thor=Sun, Yiguo and Car-roll, Ray-mond J 
and Li, Dingding, book-ti-tle=Nonparametric|

\hbox(6.94444+1.94444)x469.75499, glue set - 1.0
.\tenrm i
.\tenrm n
.\tenrm g
.\glue 3.33333 plus 1.66666 minus 1.11111
.\tenrm c
.etc.


Overfull \hbox (8.44048pt too wide) in paragraph at lines 65--73
\tenrm in Honor of Aman Ul-lah (Ad-vances in Econo-met-rics, Vol-ume 36), pages
=47--65, year=2016, pub-lisher=Emerald|

\hbox(7.5+2.5)x469.75499, glue set - 1.0
.\tenrm i
.\tenrm n
.\glue 3.33333 plus 1.66666 minus 1.11111
.\tenrm H
.\tenrm o
.etc.


Overfull \hbox (22.60725pt too wide) in paragraph at lines 74--84
\tenrm data mod-els, au-thor=Cai, Zongwu and Li, Qi, jour-nal=Econometric The-o
ry, vol-ume=24, num-ber=5, pages=1321--|

\hbox(6.94444+1.94444)x469.75499, glue set - 1.0
.\tenrm d
.\tenrm a
.\tenrm t
.\tenrm a
.\glue 3.33333 plus 1.66666 minus 1.11111
.etc.


Overfull \hbox (0.68835pt too wide) in paragraph at lines 107--115
\tenrm mod-els with lon-gi-tu-di-nal data, au-thor=Huang, Jian-hua Z and Wu, Co
lin O and Zhou, Lan, jour-nal=Statistica|

\hbox(6.94444+1.94444)x469.75499, glue set - 1.0
.\tenrm m
.\tenrm o
.\kern0.27779
.\tenrm d
.\discretionary
..\tenrm -
.etc.


Overfull \hbox (4.02382pt too wide) in paragraph at lines 116--126
\tenrm Tsay, Ruey S, jour-nal=Journal of the Amer-i-can Sta-tis-ti-cal As-so-ci
-a-tion, vol-ume=88, num-ber=421, pages=298--|

\hbox(6.94444+1.94444)x469.75499, glue set - 1.0
.\tenrm T
.\tenrm s
.\tenrm a
.\kern-0.27779
.\tenrm y
.etc.

! Misplaced alignment tab character &.
l.157 publisher = {Taylor &
                            Francis},
? 
! Emergency stop.
l.157 publisher = {Taylor &
                            Francis},
End of file on the terminal!

!  ==> Fatal error occurred, no output PDF file produced!
